Build started 1/6/2016 7:44:13 PM.
     1>Project "D:\C++Projects\VS\IsoARPG\IsoARPG.vcxproj" on node 2 (Build target(s)).
     1>ClCompile:
         D:\Programs\MicroSoft Visual Studio Community 2013\VC\bin\CL.exe /c /ZI /nologo /W3 /WX- /sdl /Od /Oy- /D _CRT_SECURE_NO_WARNINGS /D _MBCS /Gm /EHsc /RTC1 /MDd /GS /fp:precise /Zc:wchar_t /Zc:forScope /Fo"D:\C++Projects\VS\Enjon\..\IsoARPG\bin\debug\intermediate\\" /Fd"D:\C++Projects\VS\Enjon\..\IsoARPG\bin\debug\intermediate\vc120.pdb" /Gd /TP /analyze- /errorReport:prompt src\Animation.cpp src\ECS\ComponentSystems.cpp src\ECS\Entity.cpp src\Actor.cpp src\Enemy.cpp src\Game.cpp src\Level.cpp src\main.cpp src\Player.cpp src\Projectile.cpp src\SpatialHash.cpp
         SpatialHash.cpp
     1>d:\c++projects\vs\enjon\include\system\types.h(124): warning C4244: '=' : conversion from 'Enjon::f32' to 'Enjon::int16', possible loss of data
     1>d:\c++projects\vs\isoarpg\src\spatialhash.cpp(10): warning C4244: '=' : conversion from 'double' to 'int', possible loss of data
     1>d:\c++projects\vs\isoarpg\src\spatialhash.cpp(11): warning C4244: '=' : conversion from 'double' to 'int', possible loss of data
     1>d:\c++projects\vs\isoarpg\src\spatialhash.cpp(19): warning C4244: 'initializing' : conversion from 'const float' to 'int', possible loss of data
     1>d:\c++projects\vs\isoarpg\src\spatialhash.cpp(20): warning C4244: 'initializing' : conversion from 'const float' to 'int', possible loss of data
         Projectile.cpp
         Player.cpp
     1>d:\c++projects\vs\enjon\include\system\types.h(124): warning C4244: '=' : conversion from 'Enjon::f32' to 'Enjon::int16', possible loss of data
         main.cpp
     1>d:\c++projects\vs\enjon\include\system\types.h(124): warning C4244: '=' : conversion from 'Enjon::f32' to 'Enjon::int16', possible loss of data
     1>d:\c++projects\vs\isoarpg\include\level.h(42): warning C4244: 'argument' : conversion from 'int' to 'const float', possible loss of data
     1>d:\c++projects\vs\isoarpg\src\main.cpp(193): warning C4244: 'argument' : conversion from 'int' to 'const float', possible loss of data
     1>d:\c++projects\vs\isoarpg\src\main.cpp(207): warning C4244: 'argument' : conversion from 'int' to 'const float', possible loss of data
         Level.cpp
     1>d:\c++projects\vs\isoarpg\include\level.h(42): warning C4244: 'argument' : conversion from 'int' to 'const float', possible loss of data
     1>d:\c++projects\vs\isoarpg\src\level.cpp(32): warning C4244: '=' : conversion from 'float' to 'int', possible loss of data
     1>d:\c++projects\vs\isoarpg\src\level.cpp(33): warning C4244: '=' : conversion from 'float' to 'int', possible loss of data
         Game.cpp
     1>d:\c++projects\vs\enjon\include\system\types.h(124): warning C4244: '=' : conversion from 'Enjon::f32' to 'Enjon::int16', possible loss of data
     1>d:\c++projects\vs\isoarpg\include\level.h(42): warning C4244: 'argument' : conversion from 'int' to 'const float', possible loss of data
         Enemy.cpp
         Actor.cpp
         Entity.cpp
     1>d:\c++projects\vs\enjon\include\system\types.h(124): warning C4244: '=' : conversion from 'Enjon::f32' to 'Enjon::int16', possible loss of data
         ComponentSystems.cpp
     1>d:\c++projects\vs\enjon\include\system\types.h(124): warning C4244: '=' : conversion from 'Enjon::f32' to 'Enjon::int16', possible loss of data
     1>d:\c++projects\vs\isoarpg\src\ecs\componentsystems.cpp(687): warning C4244: 'initializing' : conversion from 'float' to 'int', possible loss of data
     1>d:\c++projects\vs\isoarpg\src\ecs\componentsystems.cpp(717): warning C4390: ';' : empty controlled statement found; is this the intent?
     1>d:\c++projects\vs\isoarpg\src\ecs\componentsystems.cpp(768): warning C4244: 'initializing' : conversion from 'float' to 'int', possible loss of data
         Animation.cpp
     1>d:\c++projects\vs\isoarpg\src\animation.cpp(32): warning C4018: '<' : signed/unsigned mismatch
         Generating Code...
       Link:
         D:\Programs\MicroSoft Visual Studio Community 2013\VC\bin\link.exe /ERRORREPORT:PROMPT /OUT:"D:\C++Projects\VS\Enjon\..\IsoARPG\bin\debug\IsoARPG.exe" /INCREMENTAL /NOLOGO /LIBPATH:D:\C++Projects\VS\Enjon\bin\debug\ Opengl32.lib glew32.lib SDL2.lib SDL2main.lib freetype255d.lib FreeImage.lib Enjon.lib kernel32.lib user32.lib gdi32.lib winspool.lib comdlg32.lib advapi32.lib shell32.lib ole32.lib oleaut32.lib uuid.lib odbc32.lib odbccp32.lib /MANIFEST /MANIFESTUAC:"level='asInvoker' uiAccess='false'" /manifest:embed /DEBUG /PDB:"D:\C++Projects\VS\Enjon\..\IsoARPG\bin\debug\IsoARPG.pdb" /SUBSYSTEM:CONSOLE /TLBID:1 /DYNAMICBASE /NXCOMPAT /IMPLIB:"D:\C++Projects\VS\Enjon\..\IsoARPG\bin\debug\IsoARPG.lib" /MACHINE:X86 D:\C++Projects\VS\Enjon\..\IsoARPG\bin\debug\intermediate\Animation.obj
         D:\C++Projects\VS\Enjon\..\IsoARPG\bin\debug\intermediate\ComponentSystems.obj
         D:\C++Projects\VS\Enjon\..\IsoARPG\bin\debug\intermediate\Entity.obj
         D:\C++Projects\VS\Enjon\..\IsoARPG\bin\debug\intermediate\Actor.obj
         D:\C++Projects\VS\Enjon\..\IsoARPG\bin\debug\intermediate\Enemy.obj
         D:\C++Projects\VS\Enjon\..\IsoARPG\bin\debug\intermediate\Game.obj
         D:\C++Projects\VS\Enjon\..\IsoARPG\bin\debug\intermediate\Level.obj
         D:\C++Projects\VS\Enjon\..\IsoARPG\bin\debug\intermediate\main.obj
         D:\C++Projects\VS\Enjon\..\IsoARPG\bin\debug\intermediate\Player.obj
         D:\C++Projects\VS\Enjon\..\IsoARPG\bin\debug\intermediate\Projectile.obj
         D:\C++Projects\VS\Enjon\..\IsoARPG\bin\debug\intermediate\SpatialHash.obj
     1>MSVCRTD.lib(cinitexe.obj) : warning LNK4098: defaultlib 'msvcrt.lib' conflicts with use of other libs; use /NODEFAULTLIB:library
     1>Enjon.lib(winfnt.obj) : warning LNK4099: PDB 'freetype255d.pdb' was not found with 'Enjon.lib(winfnt.obj)' or at 'D:\C++Projects\VS\IsoARPG\bin\debug\freetype255d.pdb'; linking object as if no debug info
     1>Enjon.lib(type42.obj) : warning LNK4099: PDB 'freetype255d.pdb' was not found with 'Enjon.lib(type42.obj)' or at 'D:\C++Projects\VS\IsoARPG\bin\debug\freetype255d.pdb'; linking object as if no debug info
     1>Enjon.lib(type1cid.obj) : warning LNK4099: PDB 'freetype255d.pdb' was not found with 'Enjon.lib(type1cid.obj)' or at 'D:\C++Projects\VS\IsoARPG\bin\debug\freetype255d.pdb'; linking object as if no debug info
     1>Enjon.lib(type1.obj) : warning LNK4099: PDB 'freetype255d.pdb' was not found with 'Enjon.lib(type1.obj)' or at 'D:\C++Projects\VS\IsoARPG\bin\debug\freetype255d.pdb'; linking object as if no debug info
     1>Enjon.lib(truetype.obj) : warning LNK4099: PDB 'freetype255d.pdb' was not found with 'Enjon.lib(truetype.obj)' or at 'D:\C++Projects\VS\IsoARPG\bin\debug\freetype255d.pdb'; linking object as if no debug info
     1>Enjon.lib(sfnt.obj) : warning LNK4099: PDB 'freetype255d.pdb' was not found with 'Enjon.lib(sfnt.obj)' or at 'D:\C++Projects\VS\IsoARPG\bin\debug\freetype255d.pdb'; linking object as if no debug info
     1>Enjon.lib(raster.obj) : warning LNK4099: PDB 'freetype255d.pdb' was not found with 'Enjon.lib(raster.obj)' or at 'D:\C++Projects\VS\IsoARPG\bin\debug\freetype255d.pdb'; linking object as if no debug info
     1>Enjon.lib(psmodule.obj) : warning LNK4099: PDB 'freetype255d.pdb' was not found with 'Enjon.lib(psmodule.obj)' or at 'D:\C++Projects\VS\IsoARPG\bin\debug\freetype255d.pdb'; linking object as if no debug info
     1>Enjon.lib(pshinter.obj) : warning LNK4099: PDB 'freetype255d.pdb' was not found with 'Enjon.lib(pshinter.obj)' or at 'D:\C++Projects\VS\IsoARPG\bin\debug\freetype255d.pdb'; linking object as if no debug info
     1>Enjon.lib(psaux.obj) : warning LNK4099: PDB 'freetype255d.pdb' was not found with 'Enjon.lib(psaux.obj)' or at 'D:\C++Projects\VS\IsoARPG\bin\debug\freetype255d.pdb'; linking object as if no debug info
     1>Enjon.lib(pfr.obj) : warning LNK4099: PDB 'freetype255d.pdb' was not found with 'Enjon.lib(pfr.obj)' or at 'D:\C++Projects\VS\IsoARPG\bin\debug\freetype255d.pdb'; linking object as if no debug info
     1>Enjon.lib(pcf.obj) : warning LNK4099: PDB 'freetype255d.pdb' was not found with 'Enjon.lib(pcf.obj)' or at 'D:\C++Projects\VS\IsoARPG\bin\debug\freetype255d.pdb'; linking object as if no debug info
     1>Enjon.lib(ftlcdfil.obj) : warning LNK4099: PDB 'freetype255d.pdb' was not found with 'Enjon.lib(ftlcdfil.obj)' or at 'D:\C++Projects\VS\IsoARPG\bin\debug\freetype255d.pdb'; linking object as if no debug info
     1>Enjon.lib(smooth.obj) : warning LNK4099: PDB 'freetype255d.pdb' was not found with 'Enjon.lib(smooth.obj)' or at 'D:\C++Projects\VS\IsoARPG\bin\debug\freetype255d.pdb'; linking object as if no debug info
     1>Enjon.lib(ftsystem.obj) : warning LNK4099: PDB 'freetype255d.pdb' was not found with 'Enjon.lib(ftsystem.obj)' or at 'D:\C++Projects\VS\IsoARPG\bin\debug\freetype255d.pdb'; linking object as if no debug info
     1>Enjon.lib(ftstroke.obj) : warning LNK4099: PDB 'freetype255d.pdb' was not found with 'Enjon.lib(ftstroke.obj)' or at 'D:\C++Projects\VS\IsoARPG\bin\debug\freetype255d.pdb'; linking object as if no debug info
     1>Enjon.lib(ftlzw.obj) : warning LNK4099: PDB 'freetype255d.pdb' was not found with 'Enjon.lib(ftlzw.obj)' or at 'D:\C++Projects\VS\IsoARPG\bin\debug\freetype255d.pdb'; linking object as if no debug info
     1>Enjon.lib(ftinit.obj) : warning LNK4099: PDB 'freetype255d.pdb' was not found with 'Enjon.lib(ftinit.obj)' or at 'D:\C++Projects\VS\IsoARPG\bin\debug\freetype255d.pdb'; linking object as if no debug info
     1>Enjon.lib(ftgzip.obj) : warning LNK4099: PDB 'freetype255d.pdb' was not found with 'Enjon.lib(ftgzip.obj)' or at 'D:\C++Projects\VS\IsoARPG\bin\debug\freetype255d.pdb'; linking object as if no debug info
     1>Enjon.lib(ftglyph.obj) : warning LNK4099: PDB 'freetype255d.pdb' was not found with 'Enjon.lib(ftglyph.obj)' or at 'D:\C++Projects\VS\IsoARPG\bin\debug\freetype255d.pdb'; linking object as if no debug info
     1>Enjon.lib(ftdebug.obj) : warning LNK4099: PDB 'freetype255d.pdb' was not found with 'Enjon.lib(ftdebug.obj)' or at 'D:\C++Projects\VS\IsoARPG\bin\debug\freetype255d.pdb'; linking object as if no debug info
     1>Enjon.lib(ftbitmap.obj) : warning LNK4099: PDB 'freetype255d.pdb' was not found with 'Enjon.lib(ftbitmap.obj)' or at 'D:\C++Projects\VS\IsoARPG\bin\debug\freetype255d.pdb'; linking object as if no debug info
     1>Enjon.lib(ftbase.obj) : warning LNK4099: PDB 'freetype255d.pdb' was not found with 'Enjon.lib(ftbase.obj)' or at 'D:\C++Projects\VS\IsoARPG\bin\debug\freetype255d.pdb'; linking object as if no debug info
     1>Enjon.lib(cff.obj) : warning LNK4099: PDB 'freetype255d.pdb' was not found with 'Enjon.lib(cff.obj)' or at 'D:\C++Projects\VS\IsoARPG\bin\debug\freetype255d.pdb'; linking object as if no debug info
     1>Enjon.lib(bdf.obj) : warning LNK4099: PDB 'freetype255d.pdb' was not found with 'Enjon.lib(bdf.obj)' or at 'D:\C++Projects\VS\IsoARPG\bin\debug\freetype255d.pdb'; linking object as if no debug info
     1>Enjon.lib(autofit.obj) : warning LNK4099: PDB 'freetype255d.pdb' was not found with 'Enjon.lib(autofit.obj)' or at 'D:\C++Projects\VS\IsoARPG\bin\debug\freetype255d.pdb'; linking object as if no debug info
         IsoARPG.vcxproj -> D:\C++Projects\VS\Enjon\..\IsoARPG\bin\debug\IsoARPG.exe
     1>Done Building Project "D:\C++Projects\VS\IsoARPG\IsoARPG.vcxproj" (Build target(s)).

Build succeeded.

Time Elapsed 00:00:20.93
