d:\c++projects\vs\isoarpg\bin\debug\intermediate\vc120.pdb
d:\c++projects\vs\isoarpg\bin\debug\intermediate\vc120.idb
d:\c++projects\vs\isoarpg\bin\debug\intermediate\actor.obj
d:\c++projects\vs\isoarpg\bin\debug\intermediate\enemy.obj
d:\c++projects\vs\isoarpg\bin\debug\intermediate\game.obj
d:\c++projects\vs\isoarpg\bin\debug\intermediate\level.obj
d:\c++projects\vs\isoarpg\bin\debug\intermediate\main.obj
d:\c++projects\vs\isoarpg\bin\debug\intermediate\player.obj
d:\c++projects\vs\isoarpg\bin\debug\intermediate\projectile.obj
d:\c++projects\vs\isoarpg\bin\debug\intermediate\entity.obj
d:\c++projects\vs\isoarpg\bin\debug\intermediate\componentsystems.obj
d:\c++projects\vs\isoarpg\bin\debug\intermediate\animation.obj
d:\c++projects\vs\isoarpg\bin\debug\intermediate\spatialhash.obj
d:\c++projects\vs\isoarpg\bin\debug\isoarpg.ilk
d:\c++projects\vs\isoarpg\bin\debug\isoarpg.exe
d:\c++projects\vs\isoarpg\bin\debug\isoarpg.pdb
d:\c++projects\vs\enjon\..\isoarpg\bin\debug\isoarpg.pdb
d:\c++projects\vs\enjon\..\isoarpg\bin\debug\isoarpg.exe
d:\c++projects\vs\enjon\..\isoarpg\bin\debug\isoarpg.ilk
d:\c++projects\vs\isoarpg\bin\debug\intermediate\isoarpg.tlog\cl.command.1.tlog
d:\c++projects\vs\isoarpg\bin\debug\intermediate\isoarpg.tlog\cl.read.1.tlog
d:\c++projects\vs\isoarpg\bin\debug\intermediate\isoarpg.tlog\cl.write.1.tlog
d:\c++projects\vs\isoarpg\bin\debug\intermediate\isoarpg.tlog\link.command.1.tlog
d:\c++projects\vs\isoarpg\bin\debug\intermediate\isoarpg.tlog\link.read.1.tlog
d:\c++projects\vs\isoarpg\bin\debug\intermediate\isoarpg.tlog\link.write.1.tlog
